This is pdfTeX, Version 3.141592653-2.6-1.40.24 (TeX Live 2022) (preloaded format=pdflatex 2022.10.10)  23 MAR 2026 12:16
entering extended mode
 restricted \write18 enabled.
 file:line:error style messages enabled.
 %&-line parsing enabled.
**/Users/iraklissy/Developer/2.Dev-local/Papers/NexusForum/Roadmap_instractions_main_v7.tex
(/Users/iraklissy/Developer/2.Dev-local/Papers/NexusForum/Roadmap_instractions_main_v7.tex
LaTeX2e <2021-11-15> patch level 1
L3 programming layer <2022-02-24> (/usr/local/texlive/2022/texmf-dist/tex/latex/base/report.cls
Document Class: report 2021/10/04 v1.4n Standard LaTeX document class
(/usr/local/texlive/2022/texmf-dist/tex/latex/base/size12.clo
File: size12.clo 2021/10/04 v1.4n Standard LaTeX file (size option)
)
\c@part=\count185
\c@chapter=\count186
\c@section=\count187
\c@subsection=\count188
\c@subsubsection=\count189
\c@paragraph=\count190
\c@subparagraph=\count191
\c@figure=\count192
\c@table=\count193
\abovecaptionskip=\skip47
\belowcaptionskip=\skip48
\bibindent=\dimen138
) (/usr/local/texlive/2022/texmf-dist/tex/latex/base/fontenc.sty
Package: fontenc 2021/04/29 v2.0v Standard LaTeX package
) (/usr/local/texlive/2022/texmf-dist/tex/latex/graphics/graphicx.sty
Package: graphicx 2021/09/16 v1.2d Enhanced LaTeX Graphics (DPC,SPQR)
 (/usr/local/texlive/2022/texmf-dist/tex/latex/graphics/keyval.sty
Package: keyval 2014/10/28 v1.15 key=value parser (DPC)
\KV@toks@=\toks16
) (/usr/local/texlive/2022/texmf-dist/tex/latex/graphics/graphics.sty
Package: graphics 2021/03/04 v1.4d Standard LaTeX Graphics (DPC,SPQR)
 (/usr/local/texlive/2022/texmf-dist/tex/latex/graphics/trig.sty
Package: trig 2021/08/11 v1.11 sin cos tan (DPC)
) (/usr/local/texlive/2022/texmf-dist/tex/latex/graphics-cfg/graphics.cfg
File: graphics.cfg 2016/06/04 v1.11 sample graphics configuration
)
Package graphics Info: Driver file: pdftex.def on input line 107.
 (/usr/local/texlive/2022/texmf-dist/tex/latex/graphics-def/pdftex.def
File: pdftex.def 2020/10/05 v1.2a Graphics/color driver for pdftex
))
\Gin@req@height=\dimen139
\Gin@req@width=\dimen140
) (/usr/local/texlive/2022/texmf-dist/tex/latex/pgf/frontendlayer/tikz.sty (/usr/local/texlive/2022/texmf-dist/tex/latex/pgf/basiclayer/pgf.sty (/usr/local/texlive/2022/texmf-dist/tex/latex/pgf/utilities/pgfrcs.sty (/usr/local/texlive/2022/texmf-dist/tex/generic/pgf/utilities/pgfutil-common.tex
\pgfutil@everybye=\toks17
\pgfutil@tempdima=\dimen141
\pgfutil@tempdimb=\dimen142
 (/usr/local/texlive/2022/texmf-dist/tex/generic/pgf/utilities/pgfutil-common-lists.tex)) (/usr/local/texlive/2022/texmf-dist/tex/generic/pgf/utilities/pgfutil-latex.def
\pgfutil@abb=\box50
) (/usr/local/texlive/2022/texmf-dist/tex/generic/pgf/utilities/pgfrcs.code.tex (/usr/local/texlive/2022/texmf-dist/tex/generic/pgf/pgf.revision.tex)
Package: pgfrcs 2021/05/15 v3.1.9a (3.1.9a)
))
Package: pgf 2021/05/15 v3.1.9a (3.1.9a)
 (/usr/local/texlive/2022/texmf-dist/tex/latex/pgf/basiclayer/pgfcore.sty (/usr/local/texlive/2022/texmf-dist/tex/latex/pgf/systemlayer/pgfsys.sty (/usr/local/texlive/2022/texmf-dist/tex/generic/pgf/systemlayer/pgfsys.code.tex
Package: pgfsys 2021/05/15 v3.1.9a (3.1.9a)
 (/usr/local/texlive/2022/texmf-dist/tex/generic/pgf/utilities/pgfkeys.code.tex
\pgfkeys@pathtoks=\toks18
\pgfkeys@temptoks=\toks19
 (/usr/local/texlive/2022/texmf-dist/tex/generic/pgf/utilities/pgfkeysfiltered.code.tex
\pgfkeys@tmptoks=\toks20
))
\pgf@x=\dimen143
\pgf@y=\dimen144
\pgf@xa=\dimen145
\pgf@ya=\dimen146
\pgf@xb=\dimen147
\pgf@yb=\dimen148
\pgf@xc=\dimen149
\pgf@yc=\dimen150
\pgf@xd=\dimen151
\pgf@yd=\dimen152
\w@pgf@writea=\write3
\r@pgf@reada=\read2
\c@pgf@counta=\count194
\c@pgf@countb=\count195
\c@pgf@countc=\count196
\c@pgf@countd=\count197
\t@pgf@toka=\toks21
\t@pgf@tokb=\toks22
\t@pgf@tokc=\toks23
\pgf@sys@id@count=\count198
 (/usr/local/texlive/2022/texmf-dist/tex/generic/pgf/systemlayer/pgf.cfg
File: pgf.cfg 2021/05/15 v3.1.9a (3.1.9a)
)
Driver file for pgf: pgfsys-pdftex.def
 (/usr/local/texlive/2022/texmf-dist/tex/generic/pgf/systemlayer/pgfsys-pdftex.def
File: pgfsys-pdftex.def 2021/05/15 v3.1.9a (3.1.9a)
 (/usr/local/texlive/2022/texmf-dist/tex/generic/pgf/systemlayer/pgfsys-common-pdf.def
File: pgfsys-common-pdf.def 2021/05/15 v3.1.9a (3.1.9a)
))) (/usr/local/texlive/2022/texmf-dist/tex/generic/pgf/systemlayer/pgfsyssoftpath.code.tex
File: pgfsyssoftpath.code.tex 2021/05/15 v3.1.9a (3.1.9a)
\pgfsyssoftpath@smallbuffer@items=\count199
\pgfsyssoftpath@bigbuffer@items=\count266
) (/usr/local/texlive/2022/texmf-dist/tex/generic/pgf/systemlayer/pgfsysprotocol.code.tex
File: pgfsysprotocol.code.tex 2021/05/15 v3.1.9a (3.1.9a)
)) (/usr/local/texlive/2022/texmf-dist/tex/latex/xcolor/xcolor.sty
Package: xcolor 2021/10/31 v2.13 LaTeX color extensions (UK)
 (/usr/local/texlive/2022/texmf-dist/tex/latex/graphics-cfg/color.cfg
File: color.cfg 2016/01/02 v1.6 sample color configuration
)
Package xcolor Info: Driver file: pdftex.def on input line 227.
Package xcolor Info: Model `cmy' substituted by `cmy0' on input line 1352.
Package xcolor Info: Model `hsb' substituted by `rgb' on input line 1356.
Package xcolor Info: Model `RGB' extended on input line 1368.
Package xcolor Info: Model `HTML' substituted by `rgb' on input line 1370.
Package xcolor Info: Model `Hsb' substituted by `hsb' on input line 1371.
Package xcolor Info: Model `tHsb' substituted by `hsb' on input line 1372.
Package xcolor Info: Model `HSB' substituted by `hsb' on input line 1373.
Package xcolor Info: Model `Gray' substituted by `gray' on input line 1374.
Package xcolor Info: Model `wave' substituted by `hsb' on input line 1375.
) (/usr/local/texlive/2022/texmf-dist/tex/generic/pgf/basiclayer/pgfcore.code.tex
Package: pgfcore 2021/05/15 v3.1.9a (3.1.9a)
 (/usr/local/texlive/2022/texmf-dist/tex/generic/pgf/math/pgfmath.code.tex (/usr/local/texlive/2022/texmf-dist/tex/generic/pgf/math/pgfmathcalc.code.tex (/usr/local/texlive/2022/texmf-dist/tex/generic/pgf/math/pgfmathutil.code.tex) (/usr/local/texlive/2022/texmf-dist/tex/generic/pgf/math/pgfmathparser.code.tex
\pgfmath@dimen=\dimen153
\pgfmath@count=\count267
\pgfmath@box=\box51
\pgfmath@toks=\toks24
\pgfmath@stack@operand=\toks25
\pgfmath@stack@operation=\toks26
) (/usr/local/texlive/2022/texmf-dist/tex/generic/pgf/math/pgfmathfunctions.code.tex (/usr/local/texlive/2022/texmf-dist/tex/generic/pgf/math/pgfmathfunctions.basic.code.tex) (/usr/local/texlive/2022/texmf-dist/tex/generic/pgf/math/pgfmathfunctions.trigonometric.code.tex) (/usr/local/texlive/2022/texmf-dist/tex/generic/pgf/math/pgfmathfunctions.random.code.tex) (/usr/local/texlive/2022/texmf-dist/tex/generic/pgf/math/pgfmathfunctions.comparison.code.tex) (/usr/local/texlive/2022/texmf-dist/tex/generic/pgf/math/pgfmathfunctions.base.code.tex) (/usr/local/texlive/2022/texmf-dist/tex/generic/pgf/math/pgfmathfunctions.round.code.tex) (/usr/local/texlive/2022/texmf-dist/tex/generic/pgf/math/pgfmathfunctions.misc.code.tex) (/usr/local/texlive/2022/texmf-dist/tex/generic/pgf/math/pgfmathfunctions.integerarithmetics.code.tex))) (/usr/local/texlive/2022/texmf-dist/tex/generic/pgf/math/pgfmathfloat.code.tex
\c@pgfmathroundto@lastzeros=\count268
)) (/usr/local/texlive/2022/texmf-dist/tex/generic/pgf/math/pgfint.code.tex) (/usr/local/texlive/2022/texmf-dist/tex/generic/pgf/basiclayer/pgfcorepoints.code.tex
File: pgfcorepoints.code.tex 2021/05/15 v3.1.9a (3.1.9a)
\pgf@picminx=\dimen154
\pgf@picmaxx=\dimen155
\pgf@picminy=\dimen156
\pgf@picmaxy=\dimen157
\pgf@pathminx=\dimen158
\pgf@pathmaxx=\dimen159
\pgf@pathminy=\dimen160
\pgf@pathmaxy=\dimen161
\pgf@xx=\dimen162
\pgf@xy=\dimen163
\pgf@yx=\dimen164
\pgf@yy=\dimen165
\pgf@zx=\dimen166
\pgf@zy=\dimen167
) (/usr/local/texlive/2022/texmf-dist/tex/generic/pgf/basiclayer/pgfcorepathconstruct.code.tex
File: pgfcorepathconstruct.code.tex 2021/05/15 v3.1.9a (3.1.9a)
\pgf@path@lastx=\dimen168
\pgf@path@lasty=\dimen169
) (/usr/local/texlive/2022/texmf-dist/tex/generic/pgf/basiclayer/pgfcorepathusage.code.tex
File: pgfcorepathusage.code.tex 2021/05/15 v3.1.9a (3.1.9a)
\pgf@shorten@end@additional=\dimen170
\pgf@shorten@start@additional=\dimen171
) (/usr/local/texlive/2022/texmf-dist/tex/generic/pgf/basiclayer/pgfcorescopes.code.tex
File: pgfcorescopes.code.tex 2021/05/15 v3.1.9a (3.1.9a)
\pgfpic=\box52
\pgf@hbox=\box53
\pgf@layerbox@main=\box54
\pgf@picture@serial@count=\count269
) (/usr/local/texlive/2022/texmf-dist/tex/generic/pgf/basiclayer/pgfcoregraphicstate.code.tex
File: pgfcoregraphicstate.code.tex 2021/05/15 v3.1.9a (3.1.9a)
\pgflinewidth=\dimen172
) (/usr/local/texlive/2022/texmf-dist/tex/generic/pgf/basiclayer/pgfcoretransformations.code.tex
File: pgfcoretransformations.code.tex 2021/05/15 v3.1.9a (3.1.9a)
\pgf@pt@x=\dimen173
\pgf@pt@y=\dimen174
\pgf@pt@temp=\dimen175
) (/usr/local/texlive/2022/texmf-dist/tex/generic/pgf/basiclayer/pgfcorequick.code.tex
File: pgfcorequick.code.tex 2021/05/15 v3.1.9a (3.1.9a)
) (/usr/local/texlive/2022/texmf-dist/tex/generic/pgf/basiclayer/pgfcoreobjects.code.tex
File: pgfcoreobjects.code.tex 2021/05/15 v3.1.9a (3.1.9a)
) (/usr/local/texlive/2022/texmf-dist/tex/generic/pgf/basiclayer/pgfcorepathprocessing.code.tex
File: pgfcorepathprocessing.code.tex 2021/05/15 v3.1.9a (3.1.9a)
) (/usr/local/texlive/2022/texmf-dist/tex/generic/pgf/basiclayer/pgfcorearrows.code.tex
File: pgfcorearrows.code.tex 2021/05/15 v3.1.9a (3.1.9a)
\pgfarrowsep=\dimen176
) (/usr/local/texlive/2022/texmf-dist/tex/generic/pgf/basiclayer/pgfcoreshade.code.tex
File: pgfcoreshade.code.tex 2021/05/15 v3.1.9a (3.1.9a)
\pgf@max=\dimen177
\pgf@sys@shading@range@num=\count270
\pgf@shadingcount=\count271
) (/usr/local/texlive/2022/texmf-dist/tex/generic/pgf/basiclayer/pgfcoreimage.code.tex
File: pgfcoreimage.code.tex 2021/05/15 v3.1.9a (3.1.9a)
 (/usr/local/texlive/2022/texmf-dist/tex/generic/pgf/basiclayer/pgfcoreexternal.code.tex
File: pgfcoreexternal.code.tex 2021/05/15 v3.1.9a (3.1.9a)
\pgfexternal@startupbox=\box55
)) (/usr/local/texlive/2022/texmf-dist/tex/generic/pgf/basiclayer/pgfcorelayers.code.tex
File: pgfcorelayers.code.tex 2021/05/15 v3.1.9a (3.1.9a)
) (/usr/local/texlive/2022/texmf-dist/tex/generic/pgf/basiclayer/pgfcoretransparency.code.tex
File: pgfcoretransparency.code.tex 2021/05/15 v3.1.9a (3.1.9a)
) (/usr/local/texlive/2022/texmf-dist/tex/generic/pgf/basiclayer/pgfcorepatterns.code.tex
File: pgfcorepatterns.code.tex 2021/05/15 v3.1.9a (3.1.9a)
) (/usr/local/texlive/2022/texmf-dist/tex/generic/pgf/basiclayer/pgfcorerdf.code.tex
File: pgfcorerdf.code.tex 2021/05/15 v3.1.9a (3.1.9a)
))) (/usr/local/texlive/2022/texmf-dist/tex/generic/pgf/modules/pgfmoduleshapes.code.tex
File: pgfmoduleshapes.code.tex 2021/05/15 v3.1.9a (3.1.9a)
\pgfnodeparttextbox=\box56
) (/usr/local/texlive/2022/texmf-dist/tex/generic/pgf/modules/pgfmoduleplot.code.tex
File: pgfmoduleplot.code.tex 2021/05/15 v3.1.9a (3.1.9a)
) (/usr/local/texlive/2022/texmf-dist/tex/latex/pgf/compatibility/pgfcomp-version-0-65.sty
Package: pgfcomp-version-0-65 2021/05/15 v3.1.9a (3.1.9a)
\pgf@nodesepstart=\dimen178
\pgf@nodesepend=\dimen179
) (/usr/local/texlive/2022/texmf-dist/tex/latex/pgf/compatibility/pgfcomp-version-1-18.sty
Package: pgfcomp-version-1-18 2021/05/15 v3.1.9a (3.1.9a)
)) (/usr/local/texlive/2022/texmf-dist/tex/latex/pgf/utilities/pgffor.sty (/usr/local/texlive/2022/texmf-dist/tex/latex/pgf/utilities/pgfkeys.sty (/usr/local/texlive/2022/texmf-dist/tex/generic/pgf/utilities/pgfkeys.code.tex)) (/usr/local/texlive/2022/texmf-dist/tex/latex/pgf/math/pgfmath.sty (/usr/local/texlive/2022/texmf-dist/tex/generic/pgf/math/pgfmath.code.tex)) (/usr/local/texlive/2022/texmf-dist/tex/generic/pgf/utilities/pgffor.code.tex
Package: pgffor 2021/05/15 v3.1.9a (3.1.9a)
 (/usr/local/texlive/2022/texmf-dist/tex/generic/pgf/math/pgfmath.code.tex)
\pgffor@iter=\dimen180
\pgffor@skip=\dimen181
\pgffor@stack=\toks27
\pgffor@toks=\toks28
)) (/usr/local/texlive/2022/texmf-dist/tex/generic/pgf/frontendlayer/tikz/tikz.code.tex
Package: tikz 2021/05/15 v3.1.9a (3.1.9a)
 (/usr/local/texlive/2022/texmf-dist/tex/generic/pgf/libraries/pgflibraryplothandlers.code.tex
File: pgflibraryplothandlers.code.tex 2021/05/15 v3.1.9a (3.1.9a)
\pgf@plot@mark@count=\count272
\pgfplotmarksize=\dimen182
)
\tikz@lastx=\dimen183
\tikz@lasty=\dimen184
\tikz@lastxsaved=\dimen185
\tikz@lastysaved=\dimen186
\tikz@lastmovetox=\dimen187
\tikz@lastmovetoy=\dimen188
\tikzleveldistance=\dimen189
\tikzsiblingdistance=\dimen190
\tikz@figbox=\box57
\tikz@figbox@bg=\box58
\tikz@tempbox=\box59
\tikz@tempbox@bg=\box60
\tikztreelevel=\count273
\tikznumberofchildren=\count274
\tikznumberofcurrentchild=\count275
\tikz@fig@count=\count276
 (/usr/local/texlive/2022/texmf-dist/tex/generic/pgf/modules/pgfmodulematrix.code.tex
File: pgfmodulematrix.code.tex 2021/05/15 v3.1.9a (3.1.9a)
\pgfmatrixcurrentrow=\count277
\pgfmatrixcurrentcolumn=\count278
\pgf@matrix@numberofcolumns=\count279
)
\tikz@expandcount=\count280
 (/usr/local/texlive/2022/texmf-dist/tex/generic/pgf/frontendlayer/tikz/libraries/tikzlibrarytopaths.code.tex
File: tikzlibrarytopaths.code.tex 2021/05/15 v3.1.9a (3.1.9a)
))) (/usr/local/texlive/2022/texmf-dist/tex/generic/pgf/frontendlayer/tikz/libraries/tikzlibrarypositioning.code.tex
File: tikzlibrarypositioning.code.tex 2021/05/15 v3.1.9a (3.1.9a)
) (/usr/local/texlive/2022/texmf-dist/tex/generic/pgf/frontendlayer/tikz/libraries/tikzlibraryshapes.geometric.code.tex
File: tikzlibraryshapes.geometric.code.tex 2021/05/15 v3.1.9a (3.1.9a)
 (/usr/local/texlive/2022/texmf-dist/tex/generic/pgf/libraries/shapes/pgflibraryshapes.geometric.code.tex
File: pgflibraryshapes.geometric.code.tex 2021/05/15 v3.1.9a (3.1.9a)
)) (/usr/local/texlive/2022/texmf-dist/tex/latex/geometry/geometry.sty
Package: geometry 2020/01/02 v5.9 Page Geometry
 (/usr/local/texlive/2022/texmf-dist/tex/generic/iftex/ifvtex.sty
Package: ifvtex 2019/10/25 v1.7 ifvtex legacy package. Use iftex instead.
 (/usr/local/texlive/2022/texmf-dist/tex/generic/iftex/iftex.sty
Package: iftex 2022/02/03 v1.0f TeX engine tests
))
\Gm@cnth=\count281
\Gm@cntv=\count282
\c@Gm@tempcnt=\count283
\Gm@bindingoffset=\dimen191
\Gm@wd@mp=\dimen192
\Gm@odd@mp=\dimen193
\Gm@even@mp=\dimen194
\Gm@layoutwidth=\dimen195
\Gm@layoutheight=\dimen196
\Gm@layouthoffset=\dimen197
\Gm@layoutvoffset=\dimen198
\Gm@dimlist=\toks29
) (/usr/local/texlive/2022/texmf-dist/tex/latex/hyperref/hyperref.sty
Package: hyperref 2022-02-21 v7.00n Hypertext links for LaTeX
 (/usr/local/texlive/2022/texmf-dist/tex/generic/ltxcmds/ltxcmds.sty
Package: ltxcmds 2020-05-10 v1.25 LaTeX kernel commands for general use (HO)
) (/usr/local/texlive/2022/texmf-dist/tex/generic/pdftexcmds/pdftexcmds.sty
Package: pdftexcmds 2020-06-27 v0.33 Utility functions of pdfTeX for LuaTeX (HO)
 (/usr/local/texlive/2022/texmf-dist/tex/generic/infwarerr/infwarerr.sty
Package: infwarerr 2019/12/03 v1.5 Providing info/warning/error messages (HO)
)
Package pdftexcmds Info: \pdf@primitive is available.
Package pdftexcmds Info: \pdf@ifprimitive is available.
Package pdftexcmds Info: \pdfdraftmode found.
) (/usr/local/texlive/2022/texmf-dist/tex/generic/kvsetkeys/kvsetkeys.sty
Package: kvsetkeys 2019/12/15 v1.18 Key value parser (HO)
) (/usr/local/texlive/2022/texmf-dist/tex/generic/kvdefinekeys/kvdefinekeys.sty
Package: kvdefinekeys 2019-12-19 v1.6 Define keys (HO)
) (/usr/local/texlive/2022/texmf-dist/tex/generic/pdfescape/pdfescape.sty
Package: pdfescape 2019/12/09 v1.15 Implements pdfTeX's escape features (HO)
) (/usr/local/texlive/2022/texmf-dist/tex/latex/hycolor/hycolor.sty
Package: hycolor 2020-01-27 v1.10 Color options for hyperref/bookmark (HO)
) (/usr/local/texlive/2022/texmf-dist/tex/latex/letltxmacro/letltxmacro.sty
Package: letltxmacro 2019/12/03 v1.6 Let assignment for LaTeX macros (HO)
) (/usr/local/texlive/2022/texmf-dist/tex/latex/auxhook/auxhook.sty
Package: auxhook 2019-12-17 v1.6 Hooks for auxiliary files (HO)
) (/usr/local/texlive/2022/texmf-dist/tex/latex/kvoptions/kvoptions.sty
Package: kvoptions 2020-10-07 v3.14 Key value format for package options (HO)
)
\@linkdim=\dimen199
\Hy@linkcounter=\count284
\Hy@pagecounter=\count285
 (/usr/local/texlive/2022/texmf-dist/tex/latex/hyperref/pd1enc.def
File: pd1enc.def 2022-02-21 v7.00n Hyperref: PDFDocEncoding definition (HO)
Now handling font encoding PD1 ...
... no UTF-8 mapping file for font encoding PD1
) (/usr/local/texlive/2022/texmf-dist/tex/generic/intcalc/intcalc.sty
Package: intcalc 2019/12/15 v1.3 Expandable calculations with integers (HO)
) (/usr/local/texlive/2022/texmf-dist/tex/generic/etexcmds/etexcmds.sty
Package: etexcmds 2019/12/15 v1.7 Avoid name clashes with e-TeX commands (HO)
)
\Hy@SavedSpaceFactor=\count286
 (/usr/local/texlive/2022/texmf-dist/tex/latex/hyperref/puenc.def
File: puenc.def 2022-02-21 v7.00n Hyperref: PDF Unicode definition (HO)
Now handling font encoding PU ...
... no UTF-8 mapping file for font encoding PU
)
Package hyperref Info: Hyper figures OFF on input line 4137.
Package hyperref Info: Link nesting OFF on input line 4142.
Package hyperref Info: Hyper index ON on input line 4145.
Package hyperref Info: Plain pages OFF on input line 4152.
Package hyperref Info: Backreferencing OFF on input line 4157.
Package hyperref Info: Implicit mode ON; LaTeX internals redefined.
Package hyperref Info: Bookmarks ON on input line 4390.
\c@Hy@tempcnt=\count287
 (/usr/local/texlive/2022/texmf-dist/tex/latex/url/url.sty
\Urlmuskip=\muskip16
Package: url 2013/09/16  ver 3.4  Verb mode for urls, etc.
)
LaTeX Info: Redefining \url on input line 4749.
\XeTeXLinkMargin=\dimen256
 (/usr/local/texlive/2022/texmf-dist/tex/generic/bitset/bitset.sty
Package: bitset 2019/12/09 v1.3 Handle bit-vector datatype (HO)
 (/usr/local/texlive/2022/texmf-dist/tex/generic/bigintcalc/bigintcalc.sty
Package: bigintcalc 2019/12/15 v1.5 Expandable calculations on big integers (HO)
))
\Fld@menulength=\count288
\Field@Width=\dimen257
\Fld@charsize=\dimen258
Package hyperref Info: Hyper figures OFF on input line 6027.
Package hyperref Info: Link nesting OFF on input line 6032.
Package hyperref Info: Hyper index ON on input line 6035.
Package hyperref Info: backreferencing OFF on input line 6042.
Package hyperref Info: Link coloring OFF on input line 6047.
Package hyperref Info: Link coloring with OCG OFF on input line 6052.
Package hyperref Info: PDF/A mode OFF on input line 6057.
LaTeX Info: Redefining \ref on input line 6097.
LaTeX Info: Redefining \pageref on input line 6101.
 (/usr/local/texlive/2022/texmf-dist/tex/latex/base/atbegshi-ltx.sty
Package: atbegshi-ltx 2021/01/10 v1.0c Emulation of the original atbegshi
package with kernel methods
)
\Hy@abspage=\count289
\c@Item=\count290
\c@Hfootnote=\count291
)
Package hyperref Info: Driver (autodetected): hpdftex.
 (/usr/local/texlive/2022/texmf-dist/tex/latex/hyperref/hpdftex.def
File: hpdftex.def 2022-02-21 v7.00n Hyperref driver for pdfTeX
 (/usr/local/texlive/2022/texmf-dist/tex/latex/base/atveryend-ltx.sty
Package: atveryend-ltx 2020/08/19 v1.0a Emulation of the original atveryend package
with kernel methods
)
\Fld@listcount=\count292
\c@bookmark@seq@number=\count293
 (/usr/local/texlive/2022/texmf-dist/tex/latex/rerunfilecheck/rerunfilecheck.sty
Package: rerunfilecheck 2019/12/05 v1.9 Rerun checks for auxiliary files (HO)
 (/usr/local/texlive/2022/texmf-dist/tex/generic/uniquecounter/uniquecounter.sty
Package: uniquecounter 2019/12/15 v1.4 Provide unlimited unique counter (HO)
)
Package uniquecounter Info: New unique counter `rerunfilecheck' on input line 286.
)
\Hy@SectionHShift=\skip49
) (/usr/local/texlive/2022/texmf-dist/tex/latex/enumitem/enumitem.sty
Package: enumitem 2019/06/20 v3.9 Customized lists
\labelindent=\skip50
\enit@outerparindent=\dimen259
\enit@toks=\toks30
\enit@inbox=\box61
\enit@count@id=\count294
\enitdp@description=\count295
) (/usr/local/texlive/2022/texmf-dist/tex/latex/booktabs/booktabs.sty
Package: booktabs 2020/01/12 v1.61803398 Publication quality tables
\heavyrulewidth=\dimen260
\lightrulewidth=\dimen261
\cmidrulewidth=\dimen262
\belowrulesep=\dimen263
\belowbottomsep=\dimen264
\aboverulesep=\dimen265
\abovetopsep=\dimen266
\cmidrulesep=\dimen267
\cmidrulekern=\dimen268
\defaultaddspace=\dimen269
\@cmidla=\count296
\@cmidlb=\count297
\@aboverulesep=\dimen270
\@belowrulesep=\dimen271
\@thisruleclass=\count298
\@lastruleclass=\count299
\@thisrulewidth=\dimen272
) (/usr/local/texlive/2022/texmf-dist/tex/latex/l3backend/l3backend-pdftex.def
File: l3backend-pdftex.def 2022-02-07 L3 backend support: PDF output (pdfTeX)
\l__color_backend_stack_int=\count300
\l__pdf_internal_box=\box62
) (./Roadmap_instractions_main_v7.aux)
\openout1 = `Roadmap_instractions_main_v7.aux'.

LaTeX Font Info:    Checking defaults for OML/cmm/m/it on input line 17.
LaTeX Font Info:    ... okay on input line 17.
LaTeX Font Info:    Checking defaults for OMS/cmsy/m/n on input line 17.
LaTeX Font Info:    ... okay on input line 17.
LaTeX Font Info:    Checking defaults for OT1/cmr/m/n on input line 17.
LaTeX Font Info:    ... okay on input line 17.
LaTeX Font Info:    Checking defaults for T1/cmr/m/n on input line 17.
LaTeX Font Info:    ... okay on input line 17.
LaTeX Font Info:    Checking defaults for TS1/cmr/m/n on input line 17.
LaTeX Font Info:    ... okay on input line 17.
LaTeX Font Info:    Checking defaults for OMX/cmex/m/n on input line 17.
LaTeX Font Info:    ... okay on input line 17.
LaTeX Font Info:    Checking defaults for U/cmr/m/n on input line 17.
LaTeX Font Info:    ... okay on input line 17.
LaTeX Font Info:    Checking defaults for PD1/pdf/m/n on input line 17.
LaTeX Font Info:    ... okay on input line 17.
LaTeX Font Info:    Checking defaults for PU/pdf/m/n on input line 17.
LaTeX Font Info:    ... okay on input line 17.
 (/usr/local/texlive/2022/texmf-dist/tex/context/base/mkii/supp-pdf.mkii
[Loading MPS to PDF converter (version 2006.09.02).]
\scratchcounter=\count301
\scratchdimen=\dimen273
\scratchbox=\box63
\nofMPsegments=\count302
\nofMParguments=\count303
\everyMPshowfont=\toks31
\MPscratchCnt=\count304
\MPscratchDim=\dimen274
\MPnumerator=\count305
\makeMPintoPDFobject=\count306
\everyMPtoPDFconversion=\toks32
) (/usr/local/texlive/2022/texmf-dist/tex/latex/epstopdf-pkg/epstopdf-base.sty
Package: epstopdf-base 2020-01-24 v2.11 Base part for package epstopdf
Package epstopdf-base Info: Redefining graphics rule for `.eps' on input line 485.
 (/usr/local/texlive/2022/texmf-dist/tex/latex/latexconfig/epstopdf-sys.cfg
File: epstopdf-sys.cfg 2010/07/13 v1.3 Configuration of (r)epstopdf for TeX Live
))
*geometry* driver: auto-detecting
*geometry* detected driver: pdftex
*geometry* verbose mode - [ preamble ] result:
* driver: pdftex
* paper: a4paper
* layout: <same size as paper>
* layoutoffset:(h,v)=(0.0pt,0.0pt)
* modes: 
* h-part:(L,W,R)=(72.26999pt, 452.9679pt, 72.26999pt)
* v-part:(T,H,B)=(72.26999pt, 700.50687pt, 72.26999pt)
* \paperwidth=597.50787pt
* \paperheight=845.04684pt
* \textwidth=452.9679pt
* \textheight=700.50687pt
* \oddsidemargin=0.0pt
* \evensidemargin=0.0pt
* \topmargin=-37.0pt
* \headheight=12.0pt
* \headsep=25.0pt
* \topskip=12.0pt
* \footskip=30.0pt
* \marginparwidth=35.0pt
* \marginparsep=10.0pt
* \columnsep=10.0pt
* \skip\footins=10.8pt plus 4.0pt minus 2.0pt
* \hoffset=0.0pt
* \voffset=0.0pt
* \mag=1000
* \@twocolumnfalse
* \@twosidefalse
* \@mparswitchfalse
* \@reversemarginfalse
* (1in=72.27pt=25.4mm, 1cm=28.453pt)

Package hyperref Info: Link coloring OFF on input line 17.
(/usr/local/texlive/2022/texmf-dist/tex/latex/hyperref/nameref.sty
Package: nameref 2021-04-02 v2.47 Cross-referencing by name of section
 (/usr/local/texlive/2022/texmf-dist/tex/latex/refcount/refcount.sty
Package: refcount 2019/12/15 v3.6 Data extraction from label references (HO)
) (/usr/local/texlive/2022/texmf-dist/tex/generic/gettitlestring/gettitlestring.sty
Package: gettitlestring 2019/12/15 v1.6 Cleanup title references (HO)
)
\c@section@level=\count307
)
LaTeX Info: Redefining \ref on input line 17.
LaTeX Info: Redefining \pageref on input line 17.
LaTeX Info: Redefining \nameref on input line 17.
 (./Roadmap_instractions_main_v7.out) (./Roadmap_instractions_main_v7.out)
\@outlinefile=\write4
\openout4 = `Roadmap_instractions_main_v7.out'.

Package hyperref Info: Option `pageanchor' set `false' on input line 19.
LaTeX Font Info:    External font `cmex10' loaded for size
(Font)              <14.4> on input line 21.
LaTeX Font Info:    External font `cmex10' loaded for size
(Font)              <7> on input line 21.
 [1

{/usr/local/texlive/2022/texmf-var/fonts/map/pdftex/updmap/pdftex.map}]
Package hyperref Info: Option `pageanchor' set `true' on input line 21.
 (./Roadmap_instractions_main_v7.toc
LaTeX Font Info:    External font `cmex10' loaded for size
(Font)              <12> on input line 2.
LaTeX Font Info:    External font `cmex10' loaded for size
(Font)              <8> on input line 2.
LaTeX Font Info:    External font `cmex10' loaded for size
(Font)              <6> on input line 2.

Overfull \hbox (26.0457pt too wide) in paragraph at lines 18--18
 [][] [][]\T1/cmr/m/n/12 Section X: Cy-ber-se-cu-rity & Cyber-Resilience Strat-egy for Sovereign Cloud/Edge 
 []

)
\tf@toc=\write5
\openout5 = `Roadmap_instractions_main_v7.toc'.

 [1

]
Overfull \hbox (18.58156pt too wide) in paragraph at lines 87--87
 []\T1/cmr/bx/n/12 (Middleware/OS)[] 
 []


Overfull \hbox (9.9212pt too wide) in paragraph at lines 87--87
 []\T1/cmr/bx/n/12 (Apps/Services)[] 
 []


Overfull \hbox (8.41049pt too wide) in paragraph at lines 87--87
 []\T1/cmr/bx/n/12 (Authentication 
 []


Overfull \hbox (13.55922pt too wide) in paragraph at lines 87--87
 []\T1/cmr/bx/n/12 /Access/Identity 
 []


Overfull \hbox (7.4579pt too wide) in paragraph at lines 87--87
 []\T1/cmr/bx/n/12 /Orchestration)[] 
 []

[2] [3] [4]
Chapter 1.
[5

]
Overfull \hbox (4.86787pt too wide) in paragraph at lines 213--214
[]\T1/cmr/bx/n/12 Capability Pro-files (Qual-i-ta-tive): \T1/cmr/m/n/12 A deep-dive 7-dimensional anal-y-sis defin-
 []


Overfull \hbox (32.03001pt too wide) in paragraph at lines 218--218
[]\T1/cmr/bx/n/17.28 The Core Ca-pa-bil-ity Di-men-sions (Ar-chi-tec-tural Frame-
 []

[6]
Overfull \hbox (1.66759pt too wide) in paragraph at lines 232--233
\T1/cmr/m/n/12 less func-tions ex-e-cut-ing dy-nam-i-cally across multi-provider nodes. This is achieved through
 []

[7] [8]
Overfull \hbox (41.92441pt too wide) in paragraph at lines 313--313
[]\T1/cmr/bx/n/17.28 The Anatomy of a Roadmap Pri-or-i-ties: A 7-Dimensional
 []

[9] [10]
Overfull \hbox (2.02412pt too wide) in paragraph at lines 361--362
[]\T1/cmr/bx/n/12 Sovereignty & Au-ton-omy: \T1/cmr/m/n/12 Strength-en-ing Eu-ro-pean strate-gic in-de-pen-dence,
 []

[11]
Overfull \hbox (5.43811pt too wide) in paragraph at lines 372--373
\T1/cmr/m/n/12 cuses on de-ploy-ing emerg-ing tech-nolo-gies, es-tab-lish-ing har-mo-nized gov-er-nance frame-
 []

[12]
Chapter 2.

Overfull \hbox (8.10129pt too wide) in paragraph at lines 407--408
[]\T1/cmr/m/n/12 Utilize the 7-Dimensional Anal-y-sis tem-plate to struc-
 []


Overfull \hbox (20.16096pt too wide) in paragraph at lines 409--410
[]\T1/cmr/m/n/12 Reference the ar-chi-tec-tural frame-
 []

[13

] [14] [15] [16] [17] [18] [19]
Overfull \hbox (1.45586pt too wide) in paragraph at lines 607--608
[]\T1/cmr/m/n/12 Operationalize au-to-mated SOC fed-er-a-tion with cross-border threat in-tel-li-gence shar-
 []

[20]
Overfull \hbox (12.44751pt too wide) in paragraph at lines 652--653
[]\T1/cmr/m/n/12 2033: Simpl-based se-cu-rity stan-dard be-comes manda-tory for all EU-funded cloud/edge
 []

[21]
Overfull \hbox (3.1443pt too wide) in paragraph at lines 680--681
[]\T1/cmr/bx/n/12 Annual Re-views: \T1/cmr/m/n/12 ECCC-led as-sess-ment of ODP/SSL pro-gres-sion against roadmap
 []


Overfull \hbox (11.206pt too wide) in paragraph at lines 687--688
[]\T1/cmr/bx/n/12 Public-Private Part-ner-ships: \T1/cmr/m/n/12 For-mal-ize col-lab-o-ra-tion frame-works be-tween ECCC,
 []

[22]
Underfull \hbox (badness 10000) in paragraph at lines 721--721
[]\T1/cmr/bx/n/12 Metric \T1/cmr/m/n/12 &
 []


Underfull \hbox (badness 10000) in paragraph at lines 721--721
\T1/cmr/bx/n/12 Phase 1:
 []


Underfull \hbox (badness 10000) in paragraph at lines 721--721
\T1/cmr/bx/n/12 Foun-da-tion
 []


Underfull \hbox (badness 10000) in paragraph at lines 721--721
\T1/cmr/bx/n/12 & Com-pli-
 []


Underfull \hbox (badness 10000) in paragraph at lines 721--721
\T1/cmr/m/n/12 & \T1/cmr/bx/n/12 Phase 2:
 []


Underfull \hbox (badness 10000) in paragraph at lines 721--721
\T1/cmr/bx/n/12 Fed-er-a-tion
 []


Underfull \hbox (badness 10000) in paragraph at lines 721--721
\T1/cmr/bx/n/12 & Stan-dard-
 []


Underfull \hbox (badness 10000) in paragraph at lines 721--721
\T1/cmr/bx/n/12 iza-tion (5-10
 []


Underfull \hbox (badness 1009) in paragraph at lines 721--721
\T1/cmr/bx/n/12 Yrs) \T1/cmr/m/n/12 & \T1/cmr/bx/n/12 Phase
 []


Underfull \hbox (badness 2189) in paragraph at lines 721--721
\T1/cmr/bx/n/12 & Lead-er-ship
 []


Underfull \hbox (badness 10000) in paragraph at lines 721--721
[]\T1/cmr/bx/n/12 Deployment
 []


Underfull \hbox (badness 1796) in paragraph at lines 721--721
\T1/cmr/bx/n/12 Phase (ODP)
 []


Underfull \hbox (badness 10000) in paragraph at lines 721--721
\T1/cmr/m/n/12 & Frag-mented
 []


Underfull \hbox (badness 10000) in paragraph at lines 721--721
\T1/cmr/m/n/12 Pi-lot-ing &
 []


Underfull \hbox (badness 10000) in paragraph at lines 721--721
\T1/cmr/m/n/12 Stan-dard-ized
 []


Underfull \hbox (badness 10000) in paragraph at lines 721--721
\T1/cmr/m/n/12 In-te-gra-tion
 []


Underfull \hbox (badness 10000) in paragraph at lines 721--721
\T1/cmr/m/n/12 & Ubiq-ui-tous
 []


Underfull \hbox (badness 10000) in paragraph at lines 721--721
[]\T1/cmr/bx/n/12 Sovereignty
 []


Underfull \hbox (badness 10000) in paragraph at lines 721--721
\T1/cmr/bx/n/12 Level (SSL)
 []


Underfull \hbox (badness 10000) in paragraph at lines 721--721
\T1/cmr/m/n/12 De-pen-dency &
 []


Underfull \hbox (badness 10000) in paragraph at lines 721--721
\T1/cmr/m/n/12 Emerg-ing EU
 []


Underfull \hbox (badness 10000) in paragraph at lines 721--721
\T1/cmr/m/n/12 Ecosys-tem &
 []


Underfull \hbox (badness 10000) in paragraph at lines 721--721
\T1/cmr/m/n/12 Full Sovereign
 []


Underfull \hbox (badness 10000) in paragraph at lines 721--721
[]\T1/cmr/bx/n/12 Operational
 []


Underfull \hbox (badness 4181) in paragraph at lines 721--721
\T1/cmr/m/n/12 vs Edge snap-
 []


Underfull \hbox (badness 10000) in paragraph at lines 721--721
\T1/cmr/m/n/12 shot here] &
 []


Underfull \hbox (badness 10000) in paragraph at lines 721--721
[]\T1/cmr/bx/n/12 Critical En-
 []


Underfull \hbox (badness 10000) in paragraph at lines 721--721
\T1/cmr/m/n/12 la-tion/Standard
 []


Underfull \hbox (badness 3579) in paragraph at lines 721--721
\T1/cmr/m/n/12 here] & [Stan-
 []


Underfull \hbox (badness 10000) in paragraph at lines 721--721
\T1/cmr/m/n/12 dard/Funding
 []


Underfull \hbox (badness 10000) in paragraph at lines 721--721
\T1/cmr/m/n/12 omy mile-stone
 []

[23]
Overfull \vbox (2340.92209pt too high) has occurred while \output is active []

 [24]
LaTeX Font Info:    Trying to load font information for T1+cmtt on input line 733.
 (/usr/local/texlive/2022/texmf-dist/tex/latex/base/t1cmtt.fd
File: t1cmtt.fd 2019/12/16 v2.5j Standard LaTeX font definitions
)
Overfull \hbox (32.03001pt too wide) in paragraph at lines 760--760
[]\T1/cmr/bx/n/17.28 The Core Ca-pa-bil-ity Di-men-sions (Ar-chi-tec-tural Frame-
 []

[25]
Overfull \hbox (3.55794pt too wide) in paragraph at lines 769--770
[]\T1/cmr/m/n/12 Securing con-tainer-ized ap-pli-ca-tions and server-less func-
 []


Overfull \hbox (4.82703pt too wide) in paragraph at lines 773--774
[]\T1/cmr/m/n/12 Cross-domain iden-
 []


Overfull \hbox (15.18575pt too wide) in paragraph at lines 775--776
[]\T1/cmr/m/n/12 Data-in-use se-cu-rity through Trusted
 []


Overfull \hbox (3.12723pt too wide) in paragraph at lines 775--776
\T1/cmr/m/n/12 Ex-e-cu-tion En-vi-ron-ments (TEEs) span-ning the en-tire Cloud-to-IoT data path. Lever-
 []


Overfull \hbox (0.68796pt too wide) in paragraph at lines 779--780
[]\T1/cmr/m/n/12 Hardening dis-tributed 5G/6G cores and
 []


Overfull \hbox (6.83768pt too wide) in paragraph at lines 781--782
[]\T1/cmr/m/n/12 Adapting strict net-work con-
 []

[26]
Overfull \hbox (5.04231pt too wide) in paragraph at lines 787--788
[]\T1/cmr/m/n/12 Embedding AI-driven code anal-y-sis and
 []


Overfull \hbox (37.37323pt too wide) in paragraph at lines 793--794
[]\T1/cmr/m/n/12 Continuous
 []


Overfull \hbox (0.85857pt too wide) in paragraph at lines 797--798
[]\T1/cmr/m/n/12 Secure com-mu-ni-ca-
 []


Overfull \hbox (12.74448pt too wide) in paragraph at lines 799--800
[]\T1/cmr/m/n/12 Establishing Min-i-mal In-ter-op-er-abil-ity Mech-a-nisms
 []

[27]
Overfull \hbox (28.86479pt too wide) in paragraph at lines 826--828
\T1/cmr/bx/n/12 Strate-gic Agenda \T1/cmr/m/n/12 fund-ing for open-hardware se-cu-rity; align-ment with CEN/CENELEC
 []


Underfull \hbox (badness 10000) in paragraph at lines 854--854
[]\T1/cmr/bx/n/12 Metric \T1/cmr/m/n/12 &
 []


Underfull \hbox (badness 10000) in paragraph at lines 854--854
\T1/cmr/bx/n/12 Phase 1:
 []


Underfull \hbox (badness 10000) in paragraph at lines 854--854
\T1/cmr/bx/n/12 Foun-da-tion
 []


Underfull \hbox (badness 10000) in paragraph at lines 854--854
\T1/cmr/bx/n/12 & Com-pli-
 []


Underfull \hbox (badness 10000) in paragraph at lines 854--854
\T1/cmr/m/n/12 & \T1/cmr/bx/n/12 Phase 2:
 []


Underfull \hbox (badness 10000) in paragraph at lines 854--854
\T1/cmr/bx/n/12 Fed-er-a-tion
 []


Underfull \hbox (badness 10000) in paragraph at lines 854--854
\T1/cmr/bx/n/12 & Stan-dard-
 []


Underfull \hbox (badness 10000) in paragraph at lines 854--854
\T1/cmr/bx/n/12 iza-tion (5-10
 []


Underfull \hbox (badness 1009) in paragraph at lines 854--854
\T1/cmr/bx/n/12 Yrs) \T1/cmr/m/n/12 & \T1/cmr/bx/n/12 Phase
 []


Underfull \hbox (badness 2189) in paragraph at lines 854--854
\T1/cmr/bx/n/12 & Lead-er-ship
 []


Underfull \hbox (badness 10000) in paragraph at lines 854--854
[]\T1/cmr/bx/n/12 Deployment
 []


Underfull \hbox (badness 1796) in paragraph at lines 854--854
\T1/cmr/bx/n/12 Phase (ODP)
 []


Underfull \hbox (badness 10000) in paragraph at lines 854--854
\T1/cmr/m/n/12 & Frag-mented
 []


Underfull \hbox (badness 10000) in paragraph at lines 854--854
\T1/cmr/m/n/12 Pi-lot-ing &
 []


Underfull \hbox (badness 10000) in paragraph at lines 854--854
\T1/cmr/m/n/12 Stan-dard-ized
 []


Underfull \hbox (badness 10000) in paragraph at lines 854--854
\T1/cmr/m/n/12 In-te-gra-tion
 []


Underfull \hbox (badness 10000) in paragraph at lines 854--854
\T1/cmr/m/n/12 & Ubiq-ui-tous
 []


Underfull \hbox (badness 10000) in paragraph at lines 854--854
[]\T1/cmr/bx/n/12 Sovereignty
 []


Underfull \hbox (badness 10000) in paragraph at lines 854--854
\T1/cmr/bx/n/12 Level (SSL)
 []


Underfull \hbox (badness 10000) in paragraph at lines 854--854
\T1/cmr/m/n/12 De-pen-dency &
 []


Underfull \hbox (badness 10000) in paragraph at lines 854--854
\T1/cmr/m/n/12 Emerg-ing EU
 []


Underfull \hbox (badness 10000) in paragraph at lines 854--854
\T1/cmr/m/n/12 Ecosys-tem &
 []


Underfull \hbox (badness 10000) in paragraph at lines 854--854
\T1/cmr/m/n/12 Full Sovereign
 []


Underfull \hbox (badness 10000) in paragraph at lines 854--854
[]\T1/cmr/bx/n/12 Operational
 []


Underfull \hbox (badness 10000) in paragraph at lines 854--854
\T1/cmr/m/n/12 based TPMs
 []


Underfull \hbox (badness 3375) in paragraph at lines 854--854
\T1/cmr/m/n/12 com-mon; Edge
 []


Underfull \hbox (badness 10000) in paragraph at lines 854--854
\T1/cmr/m/n/12 nodes lack
 []


Underfull \hbox (badness 2875) in paragraph at lines 854--854
\T1/cmr/m/n/12 hard-ware trust;
 []


Underfull \hbox (badness 10000) in paragraph at lines 854--854
\T1/cmr/m/n/12 RISC-V pi-
 []


Underfull \hbox (badness 1163) in paragraph at lines 854--854
\T1/cmr/m/n/12 lots be-gin. &
 []


Underfull \hbox (badness 10000) in paragraph at lines 854--854
\T1/cmr/m/n/12 Stan-dard-ized
 []


Underfull \hbox (badness 10000) in paragraph at lines 854--854
\T1/cmr/m/n/12 EU-made se-
 []


Underfull \hbox (badness 10000) in paragraph at lines 854--854
\T1/cmr/m/n/12 cure el-e-ments
 []


Underfull \hbox (badness 10000) in paragraph at lines 854--854
\T1/cmr/m/n/12 in crit-i-cal in-
 []


Underfull \hbox (badness 1028) in paragraph at lines 854--854
\T1/cmr/m/n/12 fra; Au-to-mated
 []


Underfull \hbox (badness 10000) in paragraph at lines 854--854
\T1/cmr/m/n/12 at-tes-ta-tion
 []


Underfull \hbox (badness 5161) in paragraph at lines 854--854
\T1/cmr/m/n/12 at scale. &
 []


Underfull \hbox (badness 2111) in paragraph at lines 854--854
\T1/cmr/m/n/12 Sovereign hard-
 []


Underfull \hbox (badness 10000) in paragraph at lines 854--854
\T1/cmr/m/n/12 ware trust
 []


Underfull \hbox (badness 10000) in paragraph at lines 854--854
\T1/cmr/m/n/12 em-bed-ded by
 []


Underfull \hbox (badness 10000) in paragraph at lines 854--854
\T1/cmr/m/n/12 ICT prod-ucts
 []


Underfull \hbox (badness 10000) in paragraph at lines 854--854
\T1/cmr/m/n/12 from IoT to
 []


Underfull \hbox (badness 10000) in paragraph at lines 854--854
[]\T1/cmr/bx/n/12 Critical En-
 []


Underfull \hbox (badness 10000) in paragraph at lines 854--854
\T1/cmr/bx/n/12 Re-silience
 []


Underfull \hbox (badness 10000) in paragraph at lines 854--854
\T1/cmr/bx/n/12 Act (CRA)
 []


Underfull \hbox (badness 10000) in paragraph at lines 854--854
\T1/cmr/m/n/12 en-force-ment &
 []


Underfull \hbox (badness 1983) in paragraph at lines 854--854
\T1/cmr/bx/n/12 EUCC 'High'
 []


Underfull \hbox (badness 10000) in paragraph at lines 854--854
\T1/cmr/m/n/12 cer-ti-fi-ca-tion
 []


Underfull \hbox (badness 10000) in paragraph at lines 854--854
\T1/cmr/m/n/12 of EU-based
 []


Underfull \hbox (badness 2781) in paragraph at lines 854--854
\T1/cmr/m/n/12 se-cure el-e-ments
 []


Underfull \hbox (badness 10000) in paragraph at lines 854--854
\T1/cmr/m/n/12 & Ma-tu-rity
 []


Underfull \hbox (badness 3375) in paragraph at lines 854--854
\T1/cmr/m/n/12 of \T1/cmr/bx/n/12 EU Chips
 []


Underfull \hbox (badness 10000) in paragraph at lines 854--854
\T1/cmr/bx/n/12 Act \T1/cmr/m/n/12 sovereign
 []

[28]
Overfull \vbox (3622.89922pt too high) has occurred while \output is active []

 [29]
Overfull \hbox (4.62292pt too wide) in paragraph at lines 877--879
[]\T1/cmr/bx/n/12 Failsafe Mech-a-nisms & Re-silience: \T1/cmr/m/n/12 De-ploy-ment of hy-brid cryp-to-graphic schemes
 []


Underfull \hbox (badness 10000) in paragraph at lines 899--899
[]\T1/cmr/bx/n/12 Metric \T1/cmr/m/n/12 &
 []


Underfull \hbox (badness 10000) in paragraph at lines 899--899
\T1/cmr/bx/n/12 Phase 1:
 []


Underfull \hbox (badness 10000) in paragraph at lines 899--899
\T1/cmr/bx/n/12 Foun-da-tion
 []


Underfull \hbox (badness 10000) in paragraph at lines 899--899
\T1/cmr/bx/n/12 & Com-pli-
 []


Underfull \hbox (badness 10000) in paragraph at lines 899--899
\T1/cmr/m/n/12 & \T1/cmr/bx/n/12 Phase 2:
 []


Underfull \hbox (badness 10000) in paragraph at lines 899--899
\T1/cmr/bx/n/12 Fed-er-a-tion
 []


Underfull \hbox (badness 10000) in paragraph at lines 899--899
\T1/cmr/bx/n/12 & Stan-dard-
 []


Underfull \hbox (badness 10000) in paragraph at lines 899--899
\T1/cmr/bx/n/12 iza-tion (5-10
 []


Underfull \hbox (badness 1009) in paragraph at lines 899--899
\T1/cmr/bx/n/12 Yrs) \T1/cmr/m/n/12 & \T1/cmr/bx/n/12 Phase
 []


Underfull \hbox (badness 2189) in paragraph at lines 899--899
\T1/cmr/bx/n/12 & Lead-er-ship
 []


Underfull \hbox (badness 10000) in paragraph at lines 899--899
[]\T1/cmr/bx/n/12 Deployment
 []


Underfull \hbox (badness 1796) in paragraph at lines 899--899
\T1/cmr/bx/n/12 Phase (ODP)
 []


Underfull \hbox (badness 10000) in paragraph at lines 899--899
\T1/cmr/m/n/12 & Ap-plied
 []


Underfull \hbox (badness 5302) in paragraph at lines 899--899
\T1/cmr/m/n/12 R&D & Frag-
 []


Underfull \hbox (badness 10000) in paragraph at lines 899--899
\T1/cmr/m/n/12 & Ubiq-ui-tous
 []


Underfull \hbox (badness 10000) in paragraph at lines 899--899
[]\T1/cmr/bx/n/12 Sovereignty
 []


Underfull \hbox (badness 10000) in paragraph at lines 899--899
\T1/cmr/bx/n/12 Level (SSL)
 []


Underfull \hbox (badness 10000) in paragraph at lines 899--899
\T1/cmr/m/n/12 De-pen-dency &
 []


Underfull \hbox (badness 10000) in paragraph at lines 899--899
\T1/cmr/m/n/12 Emerg-ing EU
 []


Underfull \hbox (badness 10000) in paragraph at lines 899--899
\T1/cmr/m/n/12 Ecosys-tem &
 []


Underfull \hbox (badness 10000) in paragraph at lines 899--899
\T1/cmr/m/n/12 Full Sovereign
 []


Underfull \hbox (badness 10000) in paragraph at lines 899--899
[]\T1/cmr/bx/n/12 Operational
 []


Underfull \hbox (badness 1478) in paragraph at lines 899--899
\T1/cmr/bx/n/12 State \T1/cmr/m/n/12 & NIST
 []


Underfull \hbox (badness 10000) in paragraph at lines 899--899
\T1/cmr/m/n/12 al-go-rithm se-
 []


Underfull \hbox (badness 10000) in paragraph at lines 899--899
\T1/cmr/m/n/12 lec-tion and
 []


Underfull \hbox (badness 10000) in paragraph at lines 899--899
\T1/cmr/m/n/12 val-i-da-tion;
 []


Underfull \hbox (badness 10000) in paragraph at lines 899--899
\T1/cmr/m/n/12 Software-based
 []


Underfull \hbox (badness 4569) in paragraph at lines 899--899
\T1/cmr/m/n/12 PQC pi-lots in
 []


Underfull \hbox (badness 10000) in paragraph at lines 899--899
\T1/cmr/m/n/12 cloud en-vi-ron-
 []


Underfull \hbox (badness 10000) in paragraph at lines 899--899
\T1/cmr/m/n/12 on lightweight
 []


Underfull \hbox (badness 10000) in paragraph at lines 899--899
\T1/cmr/m/n/12 im-ple-men-ta-
 []


Underfull \hbox (badness 10000) in paragraph at lines 899--899
\T1/cmr/m/n/12 (clas-si-cal +
 []


Underfull \hbox (badness 10000) in paragraph at lines 899--899
\T1/cmr/m/n/12 PQC) schemes
 []


Underfull \hbox (badness 10000) in paragraph at lines 899--899
\T1/cmr/m/n/12 de-ployed in
 []


Underfull \hbox (badness 10000) in paragraph at lines 899--899
\T1/cmr/m/n/12 In-dus-trial IoT
 []


Underfull \hbox (badness 10000) in paragraph at lines 899--899
\T1/cmr/m/n/12 in-fras-truc-ture;
 []


Underfull \hbox (badness 10000) in paragraph at lines 899--899
\T1/cmr/m/n/12 EU-developed
 []


Underfull \hbox (badness 10000) in paragraph at lines 899--899
\T1/cmr/m/n/12 crypto-agility
 []


Underfull \hbox (badness 2735) in paragraph at lines 899--899
\T1/cmr/m/n/12 Fully quantum-
 []


Underfull \hbox (badness 10000) in paragraph at lines 899--899
\T1/cmr/m/n/12 resilient con-
 []


Underfull \hbox (badness 10000) in paragraph at lines 899--899
\T1/cmr/m/n/12 tin-uum with
 []


Underfull \hbox (badness 1038) in paragraph at lines 899--899
\T1/cmr/m/n/12 PQC em-bed-ded
 []


Underfull \hbox (badness 6542) in paragraph at lines 899--899
\T1/cmr/m/n/12 in all de-vices;
 []


Underfull \hbox (badness 10000) in paragraph at lines 899--899
\T1/cmr/m/n/12 Au-to-mated
 []


Underfull \hbox (badness 10000) in paragraph at lines 899--899
\T1/cmr/m/n/12 crypto-agility
 []


Underfull \hbox (badness 10000) in paragraph at lines 899--899
\T1/cmr/m/n/12 across Cloud-
 []


Underfull \hbox (badness 10000) in paragraph at lines 899--899
[]\T1/cmr/bx/n/12 Critical
 []


Underfull \hbox (badness 10000) in paragraph at lines 899--899
\T1/cmr/bx/n/12 En-abler \T1/cmr/m/n/12 &
 []


Underfull \hbox (badness 7851) in paragraph at lines 899--899
\T1/cmr/bx/n/12 ENISA PQC
 []


Underfull \hbox (badness 1117) in paragraph at lines 899--899
\T1/cmr/m/n/12 NIST stan-dard-
 []


Underfull \hbox (badness 4647) in paragraph at lines 899--899
\T1/cmr/m/n/12 iza-tion com-ple-
 []


Underfull \hbox (badness 6428) in paragraph at lines 899--899
\T1/cmr/m/n/12 tion & \T1/cmr/bx/n/12 NIST
 []


Underfull \hbox (badness 10000) in paragraph at lines 899--899
\T1/cmr/bx/n/12 Al-go-rithm
 []


Underfull \hbox (badness 10000) in paragraph at lines 899--899
\T1/cmr/bx/n/12 Fi-nal-iza-tion
 []


Underfull \hbox (badness 10000) in paragraph at lines 899--899
\T1/cmr/m/n/12 and EU-wide
 []


Underfull \hbox (badness 10000) in paragraph at lines 899--899
\T1/cmr/m/n/12 de-ploy-ment
 []


Underfull \hbox (badness 10000) in paragraph at lines 899--899
\T1/cmr/m/n/12 stan-dards &
 []


Underfull \hbox (badness 10000) in paragraph at lines 899--899
\T1/cmr/m/n/12 PQC-native
 []


Underfull \hbox (badness 10000) in paragraph at lines 899--899
\T1/cmr/bx/n/12 RISC-V
 []


Underfull \hbox (badness 10000) in paragraph at lines 899--899
\T1/cmr/bx/n/12 sil-i-con \T1/cmr/m/n/12 and
 []


Underfull \hbox (badness 10000) in paragraph at lines 899--899
\T1/cmr/m/n/12 ubiq-ui-tous
 []


Underfull \hbox (badness 10000) in paragraph at lines 899--899
\T1/cmr/m/n/12 crypto-agility
 []

[30]
Overfull \vbox (4432.56898pt too high) has occurred while \output is active []

 [31] [32]
Underfull \hbox (badness 10000) in paragraph at lines 944--944
[]\T1/cmr/bx/n/12 Metric \T1/cmr/m/n/12 &
 []


Underfull \hbox (badness 10000) in paragraph at lines 944--944
\T1/cmr/bx/n/12 Phase 1:
 []


Underfull \hbox (badness 10000) in paragraph at lines 944--944
\T1/cmr/bx/n/12 Foun-da-tion
 []


Underfull \hbox (badness 10000) in paragraph at lines 944--944
\T1/cmr/bx/n/12 & Com-pli-
 []


Underfull \hbox (badness 10000) in paragraph at lines 944--944
\T1/cmr/m/n/12 & \T1/cmr/bx/n/12 Phase 2:
 []


Underfull \hbox (badness 10000) in paragraph at lines 944--944
\T1/cmr/bx/n/12 Fed-er-a-tion
 []


Underfull \hbox (badness 10000) in paragraph at lines 944--944
\T1/cmr/bx/n/12 & Stan-dard-
 []


Underfull \hbox (badness 10000) in paragraph at lines 944--944
\T1/cmr/bx/n/12 iza-tion (5-10
 []


Underfull \hbox (badness 1009) in paragraph at lines 944--944
\T1/cmr/bx/n/12 Yrs) \T1/cmr/m/n/12 & \T1/cmr/bx/n/12 Phase
 []


Underfull \hbox (badness 2189) in paragraph at lines 944--944
\T1/cmr/bx/n/12 & Lead-er-ship
 []


Underfull \hbox (badness 10000) in paragraph at lines 944--944
[]\T1/cmr/bx/n/12 Deployment
 []


Underfull \hbox (badness 1796) in paragraph at lines 944--944
\T1/cmr/bx/n/12 Phase (ODP)
 []


Underfull \hbox (badness 10000) in paragraph at lines 944--944
\T1/cmr/m/n/12 & Frag-mented
 []


Underfull \hbox (badness 10000) in paragraph at lines 944--944
\T1/cmr/m/n/12 Pi-lot-ing &
 []


Underfull \hbox (badness 10000) in paragraph at lines 944--944
\T1/cmr/m/n/12 Stan-dard-ized
 []


Underfull \hbox (badness 10000) in paragraph at lines 944--944
\T1/cmr/m/n/12 In-te-gra-tion
 []


Underfull \hbox (badness 10000) in paragraph at lines 944--944
\T1/cmr/m/n/12 & Ubiq-ui-tous
 []


Underfull \hbox (badness 10000) in paragraph at lines 944--944
[]\T1/cmr/bx/n/12 Sovereignty
 []


Underfull \hbox (badness 10000) in paragraph at lines 944--944
\T1/cmr/m/n/12 Emerg-ing EU
 []


Underfull \hbox (badness 10000) in paragraph at lines 944--944
\T1/cmr/m/n/12 Ecosys-tem &
 []


Underfull \hbox (badness 10000) in paragraph at lines 944--944
\T1/cmr/m/n/12 Full Sovereign
 []


Underfull \hbox (badness 10000) in paragraph at lines 944--944
\T1/cmr/m/n/12 Au-ton-omy &
 []


Underfull \hbox (badness 10000) in paragraph at lines 944--944
\T1/cmr/m/n/12 Full Sovereign
 []


Underfull \hbox (badness 10000) in paragraph at lines 944--944
[]\T1/cmr/bx/n/12 Operational
 []


Underfull \hbox (badness 10000) in paragraph at lines 944--944
\T1/cmr/m/n/12 Simpl se-cu-rity
 []


Underfull \hbox (badness 2512) in paragraph at lines 944--944
\T1/cmr/m/n/12 pi-lots in se-lect
 []


Underfull \hbox (badness 10000) in paragraph at lines 944--944
\T1/cmr/m/n/12 Data Spaces;
 []


Underfull \hbox (badness 10000) in paragraph at lines 944--944
\T1/cmr/m/n/12 Man-ual pol-icy
 []


Underfull \hbox (badness 10000) in paragraph at lines 944--944
\T1/cmr/m/n/12 co-or-di-na-tion;
 []


Underfull \hbox (badness 10000) in paragraph at lines 944--944
\T1/cmr/m/n/12 Proof-of-concept
 []


Underfull \hbox (badness 10000) in paragraph at lines 944--944
\T1/cmr/m/n/12 MIM im-ple-
 []


Underfull \hbox (badness 10000) in paragraph at lines 944--944
\T1/cmr/m/n/12 icy trans-la-tion
 []


Underfull \hbox (badness 10000) in paragraph at lines 944--944
\T1/cmr/m/n/12 MIMs; Simpl-
 []


Underfull \hbox (badness 10000) in paragraph at lines 944--944
\T1/cmr/m/n/12 based se-cu-rity
 []


Underfull \hbox (badness 10000) in paragraph at lines 944--944
\T1/cmr/m/n/12 de-ployed in
 []


Underfull \hbox (badness 10000) in paragraph at lines 944--944
\T1/cmr/m/n/12 ma-jor-ity of
 []


Underfull \hbox (badness 10000) in paragraph at lines 944--944
\T1/cmr/m/n/12 Com-mon Eu-
 []


Underfull \hbox (badness 10000) in paragraph at lines 944--944
\T1/cmr/m/n/12 ro-pean Data
 []


Underfull \hbox (badness 6927) in paragraph at lines 944--944
\T1/cmr/m/n/12 Spaces; Cross-
 []


Underfull \hbox (badness 6428) in paragraph at lines 944--944
\T1/cmr/m/n/12 & Fully au-to-
 []


Underfull \hbox (badness 10000) in paragraph at lines 944--944
\T1/cmr/m/n/12 agnostic Eu-
 []


Underfull \hbox (badness 10000) in paragraph at lines 944--944
\T1/cmr/m/n/12 ro-pean trust
 []


Underfull \hbox (badness 10000) in paragraph at lines 944--944
\T1/cmr/m/n/12 fab-ric; Real-
 []


Underfull \hbox (badness 10000) in paragraph at lines 944--944
\T1/cmr/m/n/12 time se-cu-rity
 []


Underfull \hbox (badness 10000) in paragraph at lines 944--944
\T1/cmr/m/n/12 or-ches-tra-tion
 []


Underfull \hbox (badness 1158) in paragraph at lines 944--944
\T1/cmr/m/n/12 across the con-
 []


Underfull \hbox (badness 10000) in paragraph at lines 944--944
\T1/cmr/m/n/12 tin-uum; Zero-
 []


Underfull \hbox (badness 2035) in paragraph at lines 944--944
\T1/cmr/m/n/12 trust fed-er-a-tion
 []


Underfull \hbox (badness 10000) in paragraph at lines 944--944
[]\T1/cmr/bx/n/12 Critical En-
 []


Underfull \hbox (badness 10000) in paragraph at lines 944--944
\T1/cmr/bx/n/12 Open \T1/cmr/m/n/12 of-fi-cial
 []


Underfull \hbox (badness 10000) in paragraph at lines 944--944
\T1/cmr/m/n/12 launch and
 []


Underfull \hbox (badness 10000) in paragraph at lines 944--944
\T1/cmr/m/n/12 ini-tial MIM
 []


Underfull \hbox (badness 10000) in paragraph at lines 944--944
\T1/cmr/m/n/12 def-i-ni-tions &
 []


Underfull \hbox (badness 10000) in paragraph at lines 944--944
\T1/cmr/m/n/12 adop-tion as
 []


Overfull \hbox (2.88963pt too wide) in paragraph at lines 944--944
\T1/cmr/m/n/12 CEN/CENELEC
 []


Underfull \hbox (badness 10000) in paragraph at lines 944--944
\T1/cmr/bx/n/12 Cloud Rule-
 []


Underfull \hbox (badness 5711) in paragraph at lines 944--944
\T1/cmr/bx/n/12 book \T1/cmr/m/n/12 ma-tu-rity
 []


Underfull \hbox (badness 5667) in paragraph at lines 944--944
\T1/cmr/m/n/12 and Data Act
 []

[33]
Overfull \vbox (4432.56898pt too high) has occurred while \output is active []

 [34]
Overfull \hbox (0.24483pt too wide) in paragraph at lines 947--947
[]\T1/cmr/bx/n/17.28 Executive Sum-mary & Strate-gic Rec-om-men-da-tions 
 []


Overfull \hbox (1.3445pt too wide) in paragraph at lines 966--967
[]\T1/cmr/bx/n/12 Harmonize Con-tin-u-ous Cer-ti-fi-ca-tion Life-cy-cles: \T1/cmr/m/n/12 Tran-si-tion from static, point-
 []

[35] [36]
Chapter 3.

Overfull \hbox (2.0341pt too wide) in paragraph at lines 984--984
[]\T1/cmr/bx/n/17.28 Section X: Cy-ber-se-cu-rity & Cyber-Resilience Strat-
 []

[37

]
Overfull \hbox (8.45267pt too wide) in paragraph at lines 1020--1021
[]\T1/cmr/m/n/12 Securing con-tainer-ized apps via hard-ened ser-vice meshes
 []


Overfull \hbox (3.66492pt too wide) in paragraph at lines 1022--1023
[]\T1/cmr/m/n/12 Utilizing Self-Sovereign Iden-tity (SSI) for cryp-
 []


Overfull \hbox (1.68211pt too wide) in paragraph at lines 1023--1024
[]\T1/cmr/m/n/12 Data-in-use se-cu-rity through TEEs (Trusted Ex-
 []


Overfull \hbox (7.66388pt too wide) in paragraph at lines 1024--1025
[]\T1/cmr/m/n/12 Migration to quantum-resistant al-
 []


Overfull \hbox (4.1204pt too wide) in paragraph at lines 1024--1025
\T1/cmr/m/n/12 go-rithms for resource-constrained de-vices to neu-tral-ize ``Har-vest Now, De-crypt Later''
 []


Overfull \hbox (0.88367pt too wide) in paragraph at lines 1034--1035
[]\T1/cmr/m/n/12 Mandatory in-te-gra-tion into the Simpl
 []

[38]
LaTeX Font Info:    External font `cmex10' loaded for size
(Font)              <5> on input line 1062.

Underfull \hbox (badness 10000) in paragraph at lines 1064--1064
[]\T1/cmr/bx/n/10 Metric \T1/cmr/m/n/10 &
 []


Underfull \hbox (badness 1005) in paragraph at lines 1064--1064
\T1/cmr/bx/n/10 Phase 1 (0-5
 []


Underfull \hbox (badness 2165) in paragraph at lines 1064--1064
\T1/cmr/bx/n/10 2 (5-10 Yrs)
 []


Underfull \hbox (badness 10000) in paragraph at lines 1064--1064
\T1/cmr/m/n/10 & \T1/cmr/bx/n/10 Phase 3
 []


Underfull \hbox (badness 1622) in paragraph at lines 1065--1066
[]\T1/cmr/bx/n/10 ODP \T1/cmr/m/n/10 & Frag-
 []


Underfull \hbox (badness 10000) in paragraph at lines 1065--1066
\T1/cmr/m/n/10 In-te-gra-tion &
 []


Underfull \hbox (badness 10000) in paragraph at lines 1066--1067
[]\T1/cmr/bx/n/10 SSL \T1/cmr/m/n/10 & High
 []


Underfull \hbox (badness 10000) in paragraph at lines 1066--1067
\T1/cmr/m/n/10 Emerg-ing EU
 []


Underfull \hbox (badness 10000) in paragraph at lines 1066--1067
\T1/cmr/m/n/10 Ecosys-tem &
 []


Underfull \hbox (badness 10000) in paragraph at lines 1066--1067
\T1/cmr/m/n/10 Full Sovereign
 []


Underfull \hbox (badness 8132) in paragraph at lines 1067--1068
\T1/cmr/m/n/10 in crit-i-cal in-
 []


Underfull \hbox (badness 10000) in paragraph at lines 1068--1068
[]\T1/cmr/bx/n/10 Enabler \T1/cmr/m/n/10 &
 []


Underfull \hbox (badness 10000) in paragraph at lines 1068--1068
\T1/cmr/m/n/10 CRA En-force-
 []


Underfull \hbox (badness 3439) in paragraph at lines 1068--1068
\T1/cmr/m/n/10 'High' Cert &
 []


Underfull \hbox (badness 2359) in paragraph at lines 1068--1068
\T1/cmr/m/n/10 EU Chips Act
 []


Underfull \hbox (badness 10000) in paragraph at lines 1080--1080
[]\T1/cmr/bx/n/10 Metric \T1/cmr/m/n/10 &
 []


Underfull \hbox (badness 1005) in paragraph at lines 1080--1080
\T1/cmr/bx/n/10 Phase 1 (0-5
 []


Underfull \hbox (badness 2165) in paragraph at lines 1080--1080
\T1/cmr/bx/n/10 2 (5-10 Yrs)
 []


Underfull \hbox (badness 10000) in paragraph at lines 1080--1080
\T1/cmr/m/n/10 & \T1/cmr/bx/n/10 Phase 3
 []


Underfull \hbox (badness 10000) in paragraph at lines 1081--1082
[]\T1/cmr/bx/n/10 ODP \T1/cmr/m/n/10 & Ap-
 []


Underfull \hbox (badness 5681) in paragraph at lines 1081--1082
\T1/cmr/m/n/10 plied R&D &
 []


Underfull \hbox (badness 10000) in paragraph at lines 1081--1082
\T1/cmr/m/n/10 Frag-mented
 []


Underfull \hbox (badness 10000) in paragraph at lines 1081--1082
\T1/cmr/m/n/10 Pi-lot-ing &
 []


Underfull \hbox (badness 10000) in paragraph at lines 1082--1083
[]\T1/cmr/bx/n/10 SSL \T1/cmr/m/n/10 & High
 []


Underfull \hbox (badness 10000) in paragraph at lines 1082--1083
\T1/cmr/m/n/10 Emerg-ing EU
 []


Underfull \hbox (badness 10000) in paragraph at lines 1082--1083
\T1/cmr/m/n/10 Ecosys-tem &
 []


Underfull \hbox (badness 10000) in paragraph at lines 1082--1083
\T1/cmr/m/n/10 Full Sovereign
 []


Underfull \hbox (badness 10000) in paragraph at lines 1083--1084
[]\T1/cmr/bx/n/10 State \T1/cmr/m/n/10 & Al-
 []


Underfull \hbox (badness 10000) in paragraph at lines 1083--1084
\T1/cmr/m/n/10 go-rithm se-
 []


Underfull \hbox (badness 10000) in paragraph at lines 1083--1084
\T1/cmr/m/n/10 lec-tion. &
 []


Underfull \hbox (badness 10000) in paragraph at lines 1083--1084
\T1/cmr/m/n/10 in IIoT. &
 []


Underfull \hbox (badness 10000) in paragraph at lines 1083--1084
\T1/cmr/m/n/10 Full quantum-
 []


Underfull \hbox (badness 10000) in paragraph at lines 1084--1084
[]\T1/cmr/bx/n/10 Enabler \T1/cmr/m/n/10 &
 []


Underfull \hbox (badness 10000) in paragraph at lines 1084--1084
\T1/cmr/m/n/10 ENISA PQC
 []


Underfull \hbox (badness 10000) in paragraph at lines 1084--1084
\T1/cmr/m/n/10 Guide-lines &
 []


Underfull \hbox (badness 10000) in paragraph at lines 1084--1084
\T1/cmr/m/n/10 NIST/ETSI
 []


Underfull \hbox (badness 10000) in paragraph at lines 1084--1084
\T1/cmr/m/n/10 Fi-nal-iza-tion
 []


Underfull \hbox (badness 10000) in paragraph at lines 1084--1084
\T1/cmr/m/n/10 & PQC-native
 []


Underfull \hbox (badness 10000) in paragraph at lines 1096--1096
[]\T1/cmr/bx/n/10 Metric \T1/cmr/m/n/10 &
 []


Underfull \hbox (badness 1005) in paragraph at lines 1096--1096
\T1/cmr/bx/n/10 Phase 1 (0-5
 []


Underfull \hbox (badness 2165) in paragraph at lines 1096--1096
\T1/cmr/bx/n/10 2 (5-10 Yrs)
 []


Underfull \hbox (badness 10000) in paragraph at lines 1096--1096
\T1/cmr/m/n/10 & \T1/cmr/bx/n/10 Phase 3
 []


Underfull \hbox (badness 1622) in paragraph at lines 1097--1098
[]\T1/cmr/bx/n/10 ODP \T1/cmr/m/n/10 & Frag-
 []


Underfull \hbox (badness 10000) in paragraph at lines 1097--1098
\T1/cmr/m/n/10 In-te-gra-tion &
 []


Underfull \hbox (badness 10000) in paragraph at lines 1098--1099
\T1/cmr/m/n/10 tem & Full
 []


Underfull \hbox (badness 10000) in paragraph at lines 1098--1099
\T1/cmr/m/n/10 Sovereign Au-
 []


Underfull \hbox (badness 3375) in paragraph at lines 1098--1099
\T1/cmr/m/n/10 ton. & Full
 []


Underfull \hbox (badness 10000) in paragraph at lines 1098--1099
\T1/cmr/m/n/10 Sovereign Au-
 []


Underfull \hbox (badness 10000) in paragraph at lines 1099--1100
\T1/cmr/m/n/10 Pol-icy trans-la-
 []


Underfull \hbox (badness 10000) in paragraph at lines 1099--1100
\T1/cmr/m/n/10 & Provider-
 []


Underfull \hbox (badness 10000) in paragraph at lines 1100--1100
[]\T1/cmr/bx/n/10 Enabler \T1/cmr/m/n/10 &
 []


Underfull \hbox (badness 10000) in paragraph at lines 1100--1100
\T1/cmr/m/n/10 Simpl-Open
 []


Underfull \hbox (badness 3872) in paragraph at lines 1100--1100
\T1/cmr/m/n/10 Launch & Se-
 []


Underfull \hbox (badness 10000) in paragraph at lines 1100--1100
\T1/cmr/m/n/10 cu-rity MIMs
 []

[39] [40] [41] [42] [43

] (./Roadmap_instractions_main_v7.aux)
Package rerunfilecheck Info: File `Roadmap_instractions_main_v7.out' has not changed.
(rerunfilecheck)             Checksum: C6BC044161DA048420C67C252AAB8224;7042.
 ) 
Here is how much of TeX's memory you used:
 20804 strings out of 478268
 394579 string characters out of 5846346
 675717 words of memory out of 5000000
 38489 multiletter control sequences out of 15000+600000
 486510 words of font info for 59 fonts, out of 8000000 for 9000
 1141 hyphenation exceptions out of 8191
 84i,10n,89p,686b,827s stack positions out of 10000i,1000n,20000p,200000b,200000s
{/usr/local/texlive/2022/texmf-dist/fonts/enc/dvips/cm-super/cm-super-t1.enc}{/usr/local/texlive/2022/texmf-dist/fonts/enc/dvips/cm-super/cm-super-ts1.enc}</usr/local/texlive/2022/texmf-dist/fonts/type1/public/amsfonts/cm/cmsy10.pfb></usr/local/texlive/2022/texmf-dist/fonts/type1/public/cm-super/sfbx1000.pfb></usr/local/texlive/2022/texmf-dist/fonts/type1/public/cm-super/sfbx1095.pfb></usr/local/texlive/2022/texmf-dist/fonts/type1/public/cm-super/sfbx1200.pfb></usr/local/texlive/2022/texmf-dist/fonts/type1/public/cm-super/sfbx1440.pfb></usr/local/texlive/2022/texmf-dist/fonts/type1/public/cm-super/sfbx1728.pfb></usr/local/texlive/2022/texmf-dist/fonts/type1/public/cm-super/sfbx2074.pfb></usr/local/texlive/2022/texmf-dist/fonts/type1/public/cm-super/sfbx2488.pfb></usr/local/texlive/2022/texmf-dist/fonts/type1/public/cm-super/sfrm0800.pfb></usr/local/texlive/2022/texmf-dist/fonts/type1/public/cm-super/sfrm1000.pfb></usr/local/texlive/2022/texmf-dist/fonts/type1/public/cm-super/sfrm1095.pfb></usr/local/texlive/2022/texmf-dist/fonts/type1/public/cm-super/sfrm1200.pfb></usr/local/texlive/2022/texmf-dist/fonts/type1/public/cm-super/sfti1095.pfb></usr/local/texlive/2022/texmf-dist/fonts/type1/public/cm-super/sfti1200.pfb></usr/local/texlive/2022/texmf-dist/fonts/type1/public/cm-super/sftt1200.pfb>
Output written on Roadmap_instractions_main_v7.pdf (44 pages, 439310 bytes).
PDF statistics:
 593 PDF objects out of 1000 (max. 8388607)
 510 compressed objects within 6 object streams
 191 named destinations out of 1000 (max. 500000)
 213 words of extra memory for PDF output out of 10000 (max. 10000000)

