\BOOKMARK [1][-]{section.1}{\376\377\000I\000n\000t\000r\000o\000d\000u\000c\000t\000i\000o\000n}{}% 1
\BOOKMARK [1][-]{section.2}{\376\377\000B\000a\000c\000k\000g\000r\000o\000u\000n\000d\000\040\000\046\000\040\000D\000r\000i\000v\000i\000n\000g\000\040\000F\000a\000c\000t\000o\000r\000s}{}% 2
\BOOKMARK [2][-]{subsection.2.1}{\376\377\000E\000u\000r\000o\000p\000e\000\040\000i\000n\000\040\000R\000e\000l\000a\000t\000i\000o\000n\000\040\000t\000o\000\040\000t\000h\000e\000\040\000S\000t\000a\000t\000e\000\040\000o\000f\000\040\000t\000h\000e\000\040\000A\000r\000t}{section.2}% 3
\BOOKMARK [1][-]{section.3}{\376\377\000M\000e\000t\000h\000o\000d\000o\000l\000o\000g\000y}{}% 4
\BOOKMARK [2][-]{subsection.3.1}{\376\377\000S\000t\000r\000a\000t\000e\000g\000i\000c\000\040\000P\000r\000e\000a\000m\000b\000l\000e}{section.3}% 5
\BOOKMARK [2][-]{subsection.3.2}{\376\377\000T\000h\000e\000\040\0004\000-\000F\000i\000l\000t\000e\000r\000\040\000P\000r\000i\000o\000r\000i\000t\000i\000z\000a\000t\000i\000o\000n\000\040\000F\000r\000a\000m\000e\000w\000o\000r\000k}{section.3}% 6
\BOOKMARK [2][-]{subsection.3.3}{\376\377\000T\000h\000e\000\040\000A\000n\000a\000t\000o\000m\000y\000\040\000o\000f\000\040\000a\000\040\000R\000o\000a\000d\000m\000a\000p\000\040\000P\000r\000i\000o\000r\000i\000t\000i\000e\000s\000:\000\040\000A\000\040\0007\000-\000D\000i\000m\000e\000n\000s\000i\000o\000n\000a\000l\000\040\000A\000n\000a\000l\000y\000s\000i\000s\000\040\000-\000\040\000N\000o\000t\000e\000:\000\040\000T\000r\000a\000n\000s\000l\000a\000t\000i\000n\000g\000\040\000P\000r\000i\000o\000r\000i\000t\000i\000e\000s\000\040\000i\000n\000t\000o\000\040\000A\000c\000t\000i\000o\000n\000a\000b\000l\000e\000\040\000R\000\046\000I\000\040\000G\000u\000i\000d\000a\000n\000c\000e}{section.3}% 7
\BOOKMARK [1][-]{section.4}{\376\377\000P\000r\000o\000g\000r\000e\000s\000s\000i\000o\000n\000\040\000M\000a\000t\000r\000i\000x\000:\000\040\000S\000e\000q\000u\000e\000n\000c\000e\000\040\000o\000f\000\040\000E\000v\000e\000n\000t\000s\000\040\000\050\000X\000-\000A\000x\000i\000s\000\051}{}% 8
\BOOKMARK [1][-]{section.5}{\376\377\000T\000h\000e\000\040\000C\000o\000r\000e\000\040\000C\000a\000p\000a\000b\000i\000l\000i\000t\000y\000\040\000D\000i\000m\000e\000n\000s\000i\000o\000n\000s\000\040\000\050\000A\000r\000c\000h\000i\000t\000e\000c\000t\000u\000r\000a\000l\000\040\000F\000r\000a\000m\000e\000w\000o\000r\000k\000\051}{}% 9
\BOOKMARK [1][-]{section.6}{\376\377\000P\000r\000i\000o\000r\000i\000t\000i\000e\000s}{}% 10
\BOOKMARK [2][-]{subsection.6.1}{\376\377\000E\000x\000e\000c\000u\000t\000i\000v\000e\000\040\000P\000r\000i\000o\000r\000i\000t\000i\000e\000s\000:\000\040\000T\000h\000e\000\040\000C\000r\000i\000t\000i\000c\000a\000l\000\040\000P\000a\000t\000h\000\040\000\050\000P\000h\000a\000s\000e\000\040\0001\000\051}{section.6}% 11
\BOOKMARK [1][-]{section.7}{\376\377\000C\000a\000p\000a\000b\000i\000l\000i\000t\000y\000\040\000P\000r\000o\000f\000i\000l\000e\000s\000\040\000\046\000\040\000P\000r\000o\000g\000r\000e\000s\000s\000i\000o\000n\000\040\000M\000a\000t\000r\000i\000c\000e\000s}{}% 12
\BOOKMARK [1][-]{section.8}{\376\377\000E\000x\000e\000c\000u\000t\000i\000v\000e\000\040\000S\000u\000m\000m\000a\000r\000y\000\040\000\046\000\040\000S\000t\000r\000a\000t\000e\000g\000i\000c\000\040\000R\000e\000c\000o\000m\000m\000e\000n\000d\000a\000t\000i\000o\000n\000s}{}% 13
\BOOKMARK [1][-]{appendix.A}{\376\377\000M\000a\000s\000t\000e\000r\000\040\000P\000r\000o\000m\000p\000t\000\040\000f\000o\000r\000\040\000G\000e\000n\000e\000r\000a\000t\000i\000n\000g\000\040\000C\000a\000p\000a\000b\000i\000l\000i\000t\000y\000\040\000P\000r\000o\000f\000i\000l\000e\000s}{}% 14
\BOOKMARK [1][-]{appendix.B}{\376\377\000E\000x\000e\000c\000u\000t\000i\000o\000n\000\040\000R\000o\000a\000d\000m\000a\000p\000\040\000f\000o\000r\000\040\000I\000m\000p\000l\000e\000m\000e\000n\000t\000a\000t\000i\000o\000n}{}% 15
\BOOKMARK [1][-]{appendix.C}{\376\377\000C\000a\000p\000a\000b\000i\000l\000i\000t\000y\000\040\000P\000r\000o\000f\000i\000l\000e\000s\000\040\000\046\000\040\000P\000r\000o\000g\000r\000e\000s\000s\000i\000o\000n\000\040\000M\000a\000t\000r\000i\000c\000e\000s}{}% 16
\BOOKMARK [1][-]{appendix.D}{\376\377\000M\000a\000s\000t\000e\000r\000\040\000P\000o\000p\000u\000l\000a\000t\000i\000o\000n\000\040\000P\000r\000o\000m\000p\000t\000\040\000f\000o\000r\000\040\000R\000o\000a\000d\000m\000a\000p\000\040\000G\000e\000n\000e\000r\000a\000t\000i\000o\000n}{}% 17
\BOOKMARK [1][-]{appendix.E}{\376\377\000T\000h\000e\000\040\000C\000o\000r\000e\000\040\000C\000a\000p\000a\000b\000i\000l\000i\000t\000y\000\040\000D\000i\000m\000e\000n\000s\000i\000o\000n\000s\000\040\000\050\000A\000r\000c\000h\000i\000t\000e\000c\000t\000u\000r\000a\000l\000\040\000F\000r\000a\000m\000e\000w\000o\000r\000k\000\051}{}% 18
\BOOKMARK [1][-]{appendix.F}{\376\377\000C\000a\000p\000a\000b\000i\000l\000i\000t\000y\000\040\000P\000r\000o\000f\000i\000l\000e\000s\000\040\000\046\000\040\000P\000r\000o\000g\000r\000e\000s\000s\000i\000o\000n\000\040\000M\000a\000t\000r\000i\000c\000e\000s}{}% 19
\BOOKMARK [1][-]{appendix.G}{\376\377\000E\000x\000e\000c\000u\000t\000i\000v\000e\000\040\000S\000u\000m\000m\000a\000r\000y\000\040\000\046\000\040\000S\000t\000r\000a\000t\000e\000g\000i\000c\000\040\000R\000e\000c\000o\000m\000m\000e\000n\000d\000a\000t\000i\000o\000n\000s}{}% 20
\BOOKMARK [1][-]{appendix.H}{\376\377\000S\000u\000m\000m\000a\000r\000y\000\040\000o\000u\000t\000c\000o\000m\000e}{}% 21
\BOOKMARK [1][-]{appendix.I}{\376\377\000S\000e\000c\000t\000i\000o\000n\000\040\000X\000:\000\040\000C\000y\000b\000e\000r\000s\000e\000c\000u\000r\000i\000t\000y\000\040\000\046\000\040\000C\000y\000b\000e\000r\000-\000R\000e\000s\000i\000l\000i\000e\000n\000c\000e\000\040\000S\000t\000r\000a\000t\000e\000g\000y\000\040\000f\000o\000r\000\040\000S\000o\000v\000e\000r\000e\000i\000g\000n\000\040\000C\000l\000o\000u\000d\000/\000E\000d\000g\000e\000\040\000C\000o\000m\000p\000u\000t\000i\000n\000g}{}% 22
\BOOKMARK [2][-]{subsection.I.1}{\376\377\0001\000.\000\040\000B\000a\000c\000k\000g\000r\000o\000u\000n\000d\000\040\000\046\000\040\000D\000r\000i\000v\000i\000n\000g\000\040\000F\000a\000c\000t\000o\000r\000s}{appendix.I}% 23
\BOOKMARK [2][-]{subsection.I.2}{\376\377\0002\000.\000\040\000E\000u\000r\000o\000p\000e\000\040\000i\000n\000\040\000R\000e\000l\000a\000t\000i\000o\000n\000\040\000t\000o\000\040\000t\000h\000e\000\040\000S\000t\000a\000t\000e\000\040\000o\000f\000\040\000t\000h\000e\000\040\000A\000r\000t}{appendix.I}% 24
\BOOKMARK [2][-]{subsection.I.3}{\376\377\0003\000.\000\040\000S\000t\000r\000a\000t\000e\000g\000i\000c\000\040\000P\000r\000e\000a\000m\000b\000l\000e}{appendix.I}% 25
\BOOKMARK [2][-]{subsection.I.4}{\376\377\0004\000.\000\040\000T\000h\000e\000\040\000C\000o\000r\000e\000\040\000C\000a\000p\000a\000b\000i\000l\000i\000t\000y\000\040\000D\000i\000m\000e\000n\000s\000i\000o\000n\000s\000\040\000\050\000A\000r\000c\000h\000i\000t\000e\000c\000t\000u\000r\000a\000l\000\040\000F\000r\000a\000m\000e\000w\000o\000r\000k\000\051}{appendix.I}% 26
\BOOKMARK [3][-]{subsubsection.I.4.1}{\376\377\000P\000a\000r\000t\000\040\000A\000:\000\040\000T\000h\000e\000\040\000S\000e\000c\000u\000r\000i\000t\000y\000\040\000L\000a\000y\000e\000r\000s\000\040\000\050\000V\000e\000r\000t\000i\000c\000a\000l\000\040\000S\000t\000a\000c\000k\000\051}{subsection.I.4}% 27
\BOOKMARK [3][-]{subsubsection.I.4.2}{\376\377\000P\000a\000r\000t\000\040\000B\000:\000\040\000T\000h\000e\000\040\000T\000r\000a\000n\000s\000v\000e\000r\000s\000a\000l\000\040\000V\000e\000r\000t\000i\000c\000a\000l\000s\000\040\000\050\000C\000r\000o\000s\000s\000-\000L\000a\000y\000e\000r\000s\000\051}{subsection.I.4}% 28
\BOOKMARK [2][-]{subsection.I.5}{\376\377\0005\000.\000\040\000T\000h\000e\000\040\0004\000-\000F\000i\000l\000t\000e\000r\000\040\000P\000r\000i\000o\000r\000i\000t\000i\000z\000a\000t\000i\000o\000n\000\040\000F\000r\000a\000m\000e\000w\000o\000r\000k}{appendix.I}% 29
\BOOKMARK [2][-]{subsection.I.6}{\376\377\0006\000.\000\040\000D\000e\000t\000a\000i\000l\000e\000d\000\040\000P\000r\000i\000o\000r\000i\000t\000y\000\040\000P\000r\000o\000f\000i\000l\000e\000s\000\040\000\046\000\040\000P\000r\000o\000g\000r\000e\000s\000s\000i\000o\000n\000\040\000M\000a\000t\000r\000i\000c\000e\000s}{appendix.I}% 30
\BOOKMARK [3][-]{subsubsection.I.6.1}{\376\377\000P\000r\000i\000o\000r\000i\000t\000y\000\040\0001\000:\000\040\000H\000a\000r\000d\000w\000a\000r\000e\000\040\000R\000o\000o\000t\000s\000\040\000o\000f\000\040\000T\000r\000u\000s\000t\000\040\000\046\000\040\000E\000U\000C\000C\000\040\000'\000H\000i\000g\000h\000'}{subsection.I.6}% 31
\BOOKMARK [3][-]{subsubsection.I.6.2}{\376\377\000P\000r\000i\000o\000r\000i\000t\000y\000\040\0002\000:\000\040\000P\000Q\000C\000\040\000A\000g\000i\000l\000i\000t\000y\000\040\000f\000o\000r\000\040\000E\000d\000g\000e\000/\000I\000o\000T}{subsection.I.6}% 32
\BOOKMARK [3][-]{subsubsection.I.6.3}{\376\377\000P\000r\000i\000o\000r\000i\000t\000y\000\040\0003\000:\000\040\000S\000e\000c\000u\000r\000i\000t\000y\000\040\000I\000n\000t\000e\000r\000o\000p\000e\000r\000a\000b\000i\000l\000i\000t\000y\000\040\000v\000i\000a\000\040\000S\000i\000m\000p\000l\000\040\000M\000i\000d\000d\000l\000e\000w\000a\000r\000e}{subsection.I.6}% 33
\BOOKMARK [2][-]{subsection.I.7}{\376\377\000R\000e\000f\000e\000r\000e\000n\000c\000e\000s}{appendix.I}% 34
